2026-04-09 22:44:56,960 [INFO] open-houses: ============================================================
2026-04-09 22:44:56,960 [INFO] open-houses: Open House Finder — window: next 1 week (until 2026-04-16)
2026-04-09 22:44:56,961 [INFO] open-houses: ============================================================
2026-04-09 22:44:56,962 [INFO] src.scraper: All 37 ZIP region IDs loaded from cache
2026-04-09 22:44:56,963 [INFO] open-houses: Searching Quincy (02169)...
2026-04-09 22:44:57,337 [INFO] src.scraper: Quincy (02169) (region 660): 75 homes returned
2026-04-09 22:44:59,465 [INFO] open-houses: Searching Quincy (02170)...
2026-04-09 22:44:59,650 [INFO] src.scraper: Quincy (02170) (region 661): 10 homes returned
2026-04-09 22:45:04,563 [INFO] open-houses: Searching Quincy (02171)...
2026-04-09 22:45:04,777 [INFO] src.scraper: Quincy (02171) (region 662): 27 homes returned
2026-04-09 22:45:07,512 [INFO] open-houses: Searching Waltham (02451)...
2026-04-09 22:45:07,708 [INFO] src.scraper: Waltham (02451) (region 750): 13 homes returned
2026-04-09 22:45:10,406 [INFO] open-houses: Searching Waltham (02452)...
2026-04-09 22:45:10,607 [INFO] src.scraper: Waltham (02452) (region 751): 8 homes returned
2026-04-09 22:45:14,659 [INFO] open-houses: Searching Waltham (02453)...
2026-04-09 22:45:14,882 [INFO] src.scraper: Waltham (02453) (region 752): 36 homes returned
2026-04-09 22:45:17,597 [INFO] open-houses: Searching Waltham (02454)...
2026-04-09 22:45:17,748 [INFO] src.scraper: Waltham (02454) (region 753): 0 homes returned
2026-04-09 22:45:21,766 [INFO] open-houses: Searching Newton (02458)...
2026-04-09 22:45:22,009 [INFO] src.scraper: Newton (02458) (region 757): 28 homes returned
2026-04-09 22:45:26,659 [INFO] open-houses: Searching Newton (02459)...
2026-04-09 22:45:26,913 [INFO] src.scraper: Newton (02459) (region 758): 53 homes returned
2026-04-09 22:45:29,561 [INFO] open-houses: Searching Newton (02460)...
2026-04-09 22:45:29,769 [INFO] src.scraper: Newton (02460) (region 759): 15 homes returned
2026-04-09 22:45:33,565 [INFO] open-houses: Searching Newton (02461)...
2026-04-09 22:45:33,782 [INFO] src.scraper: Newton (02461) (region 760): 30 homes returned
2026-04-09 22:45:36,597 [INFO] open-houses: Searching Newton (02462)...
2026-04-09 22:45:36,785 [INFO] src.scraper: Newton (02462) (region 761): 3 homes returned
2026-04-09 22:45:40,557 [INFO] open-houses: Searching Newton (02464)...
2026-04-09 22:45:40,733 [INFO] src.scraper: Newton (02464) (region 762): 10 homes returned
2026-04-09 22:45:42,862 [INFO] open-houses: Searching Newton (02465)...
2026-04-09 22:45:44,087 [INFO] src.scraper: Newton (02465) (region 763): 31 homes returned
2026-04-09 22:45:47,521 [INFO] open-houses: Searching Newton (02466)...
2026-04-09 22:45:47,903 [INFO] src.scraper: Newton (02466) (region 764): 9 homes returned
2026-04-09 22:45:50,638 [INFO] open-houses: Searching Newton (02467)...
2026-04-09 22:45:50,870 [INFO] src.scraper: Newton (02467) (region 765): 60 homes returned
2026-04-09 22:45:53,670 [INFO] open-houses: Searching Newton (02468)...
2026-04-09 22:45:53,880 [INFO] src.scraper: Newton (02468) (region 766): 21 homes returned
2026-04-09 22:45:56,792 [INFO] open-houses: Searching Watertown (02471)...
2026-04-09 22:45:57,141 [INFO] src.scraper: Watertown (02471) (region 767): 122 homes returned
2026-04-09 22:46:00,760 [INFO] open-houses: Searching Watertown (02472)...
2026-04-09 22:46:01,052 [INFO] src.scraper: Watertown (02472) (region 768): 57 homes returned
2026-04-09 22:46:04,380 [INFO] open-houses: Searching Brighton (02135)...
2026-04-09 22:46:04,735 [INFO] src.scraper: Brighton (02135) (region 640): 139 homes returned
2026-04-09 22:46:09,116 [INFO] open-houses: Searching Allston (02134)...
2026-04-09 22:46:09,349 [INFO] src.scraper: Allston (02134) (region 639): 43 homes returned
2026-04-09 22:46:11,862 [INFO] open-houses: Searching Somerville (02143)...
2026-04-09 22:46:12,099 [INFO] src.scraper: Somerville (02143) (region 648): 53 homes returned
2026-04-09 22:46:16,061 [INFO] open-houses: Searching Somerville (02144)...
2026-04-09 22:46:16,307 [INFO] src.scraper: Somerville (02144) (region 649): 39 homes returned
2026-04-09 22:46:21,095 [INFO] open-houses: Searching Somerville (02145)...
2026-04-09 22:46:22,341 [INFO] src.scraper: Somerville (02145) (region 650): 67 homes returned
2026-04-09 22:46:26,294 [INFO] open-houses: Searching Cambridge (02138)...
2026-04-09 22:46:26,607 [INFO] src.scraper: Cambridge (02138) (region 643): 68 homes returned
2026-04-09 22:46:29,295 [INFO] open-houses: Searching Cambridge (02139)...
2026-04-09 22:46:29,508 [INFO] src.scraper: Cambridge (02139) (region 644): 40 homes returned
2026-04-09 22:46:31,620 [INFO] open-houses: Searching Cambridge (02140)...
2026-04-09 22:46:31,848 [INFO] src.scraper: Cambridge (02140) (region 645): 30 homes returned
2026-04-09 22:46:34,857 [INFO] open-houses: Searching Cambridge (02141)...
2026-04-09 22:46:35,086 [INFO] src.scraper: Cambridge (02141) (region 646): 46 homes returned
2026-04-09 22:46:39,818 [INFO] open-houses: Searching Cambridge (02142)...
2026-04-09 22:46:40,000 [INFO] src.scraper: Cambridge (02142) (region 647): 6 homes returned
2026-04-09 22:46:43,778 [INFO] open-houses: Searching Brookline (02445)...
2026-04-09 22:46:44,277 [INFO] src.scraper: Brookline (02445) (region 747): 61 homes returned
2026-04-09 22:46:49,028 [INFO] open-houses: Searching Brookline (02446)...
2026-04-09 22:46:49,278 [INFO] src.scraper: Brookline (02446) (region 748): 63 homes returned
2026-04-09 22:46:53,799 [INFO] open-houses: Searching Brookline (02447)...
2026-04-09 22:46:54,346 [INFO] src.scraper: Brookline (02447) (region 749): 280 homes returned
2026-04-09 22:46:58,284 [INFO] open-houses: Searching Medford (02155)...
2026-04-09 22:46:58,552 [INFO] src.scraper: Medford (02155) (region 657): 78 homes returned
2026-04-09 22:47:02,104 [INFO] open-houses: Searching Medford (02156)...
2026-04-09 22:47:02,332 [INFO] src.scraper: Medford (02156) (region 658): 65 homes returned
2026-04-09 22:47:06,672 [INFO] open-houses: Searching Arlington (02474)...
2026-04-09 22:47:06,878 [INFO] src.scraper: Arlington (02474) (region 769): 35 homes returned
2026-04-09 22:47:11,649 [INFO] open-houses: Searching Arlington (02476)...
2026-04-09 22:47:11,853 [INFO] src.scraper: Arlington (02476) (region 771): 18 homes returned
2026-04-09 22:47:15,142 [INFO] open-houses: Searching Belmont (02478)...
2026-04-09 22:47:15,393 [INFO] src.scraper: Belmont (02478) (region 773): 40 homes returned
2026-04-09 22:47:17,894 [INFO] open-houses: Found 111 listings with open houses in window
2026-04-09 22:47:18,170 [INFO] open-houses: Workbook saved: C:\Users\Zara\Documents\GitHub\Personal-Projects\home-finder\data\open_houses_20260409_224456.xlsx
2026-04-09 22:47:18,172 [INFO] open-houses: Updated main workbook: C:\Users\Zara\Documents\GitHub\Personal-Projects\home-finder\data\open_houses.xlsx
2026-04-10 14:05:33,501 [INFO] open-houses: ============================================================
2026-04-10 14:05:33,502 [INFO] open-houses: Open House Finder — window: next 1 week (until 2026-04-17)
2026-04-10 14:05:33,502 [INFO] open-houses: ============================================================
2026-04-10 14:05:33,512 [INFO] src.scraper: All 37 ZIP region IDs loaded from cache
2026-04-10 14:05:33,513 [INFO] open-houses: Searching Quincy (02169)...
2026-04-10 14:05:33,904 [INFO] src.scraper: Quincy (02169) (region 660): 74 homes returned
2026-04-10 14:05:38,735 [INFO] open-houses: Searching Quincy (02170)...
2026-04-10 14:05:38,936 [INFO] src.scraper: Quincy (02170) (region 661): 11 homes returned
2026-04-10 14:05:42,556 [INFO] open-houses: Searching Quincy (02171)...
2026-04-10 14:05:42,910 [INFO] src.scraper: Quincy (02171) (region 662): 28 homes returned
2026-04-10 14:05:45,997 [INFO] open-houses: Searching Waltham (02451)...
2026-04-10 14:05:46,197 [INFO] src.scraper: Waltham (02451) (region 750): 13 homes returned
2026-04-10 14:05:49,804 [INFO] open-houses: Searching Waltham (02452)...
2026-04-10 14:05:50,076 [INFO] src.scraper: Waltham (02452) (region 751): 8 homes returned
2026-04-10 14:05:53,955 [INFO] open-houses: Searching Waltham (02453)...
2026-04-10 14:05:54,176 [INFO] src.scraper: Waltham (02453) (region 752): 37 homes returned
2026-04-10 14:05:58,127 [INFO] open-houses: Searching Waltham (02454)...
2026-04-10 14:05:58,472 [INFO] src.scraper: Waltham (02454) (region 753): 0 homes returned
2026-04-10 14:06:01,794 [INFO] open-houses: Searching Newton (02458)...
2026-04-10 14:06:02,026 [INFO] src.scraper: Newton (02458) (region 757): 28 homes returned
2026-04-10 14:06:06,358 [INFO] open-houses: Searching Newton (02459)...
2026-04-10 14:06:06,674 [INFO] src.scraper: Newton (02459) (region 758): 54 homes returned
2026-04-10 14:06:10,841 [INFO] open-houses: Searching Newton (02460)...
2026-04-10 14:06:11,090 [INFO] src.scraper: Newton (02460) (region 759): 15 homes returned
2026-04-10 14:06:14,798 [INFO] open-houses: Searching Newton (02461)...
2026-04-10 14:06:15,063 [INFO] src.scraper: Newton (02461) (region 760): 31 homes returned
2026-04-10 14:06:18,023 [INFO] open-houses: Searching Newton (02462)...
2026-04-10 14:06:18,337 [INFO] src.scraper: Newton (02462) (region 761): 3 homes returned
2026-04-10 14:06:22,292 [INFO] open-houses: Searching Newton (02464)...
2026-04-10 14:06:22,528 [INFO] src.scraper: Newton (02464) (region 762): 10 homes returned
2026-04-10 14:06:25,162 [INFO] open-houses: Searching Newton (02465)...
2026-04-10 14:06:25,377 [INFO] src.scraper: Newton (02465) (region 763): 31 homes returned
2026-04-10 14:06:30,137 [INFO] open-houses: Searching Newton (02466)...
2026-04-10 14:06:30,383 [INFO] src.scraper: Newton (02466) (region 764): 9 homes returned
2026-04-10 14:06:33,053 [INFO] open-houses: Searching Newton (02467)...
2026-04-10 14:06:33,506 [INFO] src.scraper: Newton (02467) (region 765): 61 homes returned
2026-04-10 14:06:35,676 [INFO] open-houses: Searching Newton (02468)...
2026-04-10 14:06:35,955 [INFO] src.scraper: Newton (02468) (region 766): 20 homes returned
2026-04-10 14:06:39,829 [INFO] open-houses: Searching Watertown (02471)...
2026-04-10 14:06:40,273 [INFO] src.scraper: Watertown (02471) (region 767): 122 homes returned
2026-04-10 14:06:43,142 [INFO] open-houses: Searching Watertown (02472)...
2026-04-10 14:06:43,387 [INFO] src.scraper: Watertown (02472) (region 768): 57 homes returned
2026-04-10 14:06:46,612 [INFO] open-houses: Searching Brighton (02135)...
2026-04-10 14:06:46,946 [INFO] src.scraper: Brighton (02135) (region 640): 138 homes returned
2026-04-10 14:06:49,790 [INFO] open-houses: Searching Allston (02134)...
2026-04-10 14:06:50,093 [INFO] src.scraper: Allston (02134) (region 639): 44 homes returned
2026-04-10 14:06:53,662 [INFO] open-houses: Searching Somerville (02143)...
2026-04-10 14:06:53,950 [INFO] src.scraper: Somerville (02143) (region 648): 54 homes returned
2026-04-10 14:06:57,169 [INFO] open-houses: Searching Somerville (02144)...
2026-04-10 14:06:57,388 [INFO] src.scraper: Somerville (02144) (region 649): 38 homes returned
2026-04-10 14:07:01,341 [INFO] open-houses: Searching Somerville (02145)...
2026-04-10 14:07:01,767 [INFO] src.scraper: Somerville (02145) (region 650): 67 homes returned
2026-04-10 14:07:05,123 [INFO] open-houses: Searching Cambridge (02138)...
2026-04-10 14:07:05,458 [INFO] src.scraper: Cambridge (02138) (region 643): 68 homes returned
2026-04-10 14:07:08,524 [INFO] open-houses: Searching Cambridge (02139)...
2026-04-10 14:07:08,790 [INFO] src.scraper: Cambridge (02139) (region 644): 40 homes returned
2026-04-10 14:07:12,278 [INFO] open-houses: Searching Cambridge (02140)...
2026-04-10 14:07:12,611 [INFO] src.scraper: Cambridge (02140) (region 645): 30 homes returned
2026-04-10 14:07:15,505 [INFO] open-houses: Searching Cambridge (02141)...
2026-04-10 14:07:15,894 [INFO] src.scraper: Cambridge (02141) (region 646): 46 homes returned
2026-04-10 14:07:19,212 [INFO] open-houses: Searching Cambridge (02142)...
2026-04-10 14:07:19,431 [INFO] src.scraper: Cambridge (02142) (region 647): 7 homes returned
2026-04-10 14:07:22,982 [INFO] open-houses: Searching Brookline (02445)...
2026-04-10 14:07:23,236 [INFO] src.scraper: Brookline (02445) (region 747): 61 homes returned
2026-04-10 14:07:28,091 [INFO] open-houses: Searching Brookline (02446)...
2026-04-10 14:07:28,389 [INFO] src.scraper: Brookline (02446) (region 748): 63 homes returned
2026-04-10 14:07:31,107 [INFO] open-houses: Searching Brookline (02447)...
2026-04-10 14:07:31,643 [INFO] src.scraper: Brookline (02447) (region 749): 282 homes returned
2026-04-10 14:07:35,180 [INFO] open-houses: Searching Medford (02155)...
2026-04-10 14:07:35,443 [INFO] src.scraper: Medford (02155) (region 657): 77 homes returned
2026-04-10 14:07:39,596 [INFO] open-houses: Searching Medford (02156)...
2026-04-10 14:07:39,863 [INFO] src.scraper: Medford (02156) (region 658): 64 homes returned
2026-04-10 14:07:44,114 [INFO] open-houses: Searching Arlington (02474)...
2026-04-10 14:07:44,327 [INFO] src.scraper: Arlington (02474) (region 769): 35 homes returned
2026-04-10 14:07:46,903 [INFO] open-houses: Searching Arlington (02476)...
2026-04-10 14:07:47,222 [INFO] src.scraper: Arlington (02476) (region 771): 20 homes returned
2026-04-10 14:07:50,531 [INFO] open-houses: Searching Belmont (02478)...
2026-04-10 14:07:50,920 [INFO] src.scraper: Belmont (02478) (region 773): 40 homes returned
2026-04-10 14:07:54,387 [INFO] open-houses: Found 122 listings with open houses in window
2026-04-10 14:07:54,723 [INFO] open-houses: Workbook saved: C:\Users\Zara\Documents\GitHub\Personal-Projects\home-finder\data\open_houses_20260410_140533.xlsx
2026-04-10 14:07:54,725 [INFO] open-houses: Updated main workbook: C:\Users\Zara\Documents\GitHub\Personal-Projects\home-finder\data\open_houses.xlsx
2026-04-21 18:58:10,557 [INFO] open-houses: ============================================================
2026-04-21 18:58:10,558 [INFO] open-houses: Open House Finder — window: next 2 weeks (until 2026-05-05)
2026-04-21 18:58:10,559 [INFO] open-houses: ============================================================
2026-04-21 18:58:10,566 [INFO] src.scraper: Resolving 40 new ZIP codes (of 40 total)...
2026-04-21 18:58:11,003 [INFO] src.scraper:   ZIP 95014 -> region_id=39365 (type=2)
2026-04-21 18:58:12,435 [INFO] src.scraper:   ZIP 95015 -> region_id=39366 (type=2)
2026-04-21 18:58:14,339 [INFO] src.scraper:   ZIP 94085 -> region_id=39001 (type=2)
2026-04-21 18:58:16,891 [INFO] src.scraper:   ZIP 94086 -> region_id=39002 (type=2)
2026-04-21 18:58:19,085 [INFO] src.scraper:   ZIP 94087 -> region_id=39003 (type=2)
2026-04-21 18:58:20,637 [INFO] src.scraper:   ZIP 94089 -> region_id=39005 (type=2)
2026-04-21 18:58:22,249 [INFO] src.scraper:   ZIP 94040 -> region_id=38985 (type=2)
2026-04-21 18:58:24,140 [INFO] src.scraper:   ZIP 94041 -> region_id=38986 (type=2)
2026-04-21 18:58:26,026 [INFO] src.scraper:   ZIP 94043 -> region_id=38988 (type=2)
2026-04-21 18:58:28,365 [INFO] src.scraper:   ZIP 94301 -> region_id=39141 (type=2)
2026-04-21 18:58:30,679 [INFO] src.scraper:   ZIP 94303 -> region_id=39143 (type=2)
2026-04-21 18:58:32,863 [INFO] src.scraper:   ZIP 94304 -> region_id=39144 (type=2)
2026-04-21 18:58:34,887 [INFO] src.scraper:   ZIP 94306 -> region_id=39146 (type=2)
2026-04-21 18:58:36,653 [INFO] src.scraper:   ZIP 95110 -> region_id=39416 (type=2)
2026-04-21 18:58:38,474 [INFO] src.scraper:   ZIP 95112 -> region_id=39418 (type=2)
2026-04-21 18:58:40,826 [INFO] src.scraper:   ZIP 95113 -> region_id=39419 (type=2)
2026-04-21 18:58:43,028 [INFO] src.scraper:   ZIP 95120 -> region_id=39425 (type=2)
2026-04-21 18:58:44,890 [INFO] src.scraper:   ZIP 95124 -> region_id=39429 (type=2)
2026-04-21 18:58:47,146 [INFO] src.scraper:   ZIP 95125 -> region_id=39430 (type=2)
2026-04-21 18:58:49,368 [INFO] src.scraper:   ZIP 95126 -> region_id=39431 (type=2)
2026-04-21 18:58:51,005 [INFO] src.scraper:   ZIP 95128 -> region_id=39433 (type=2)
2026-04-21 18:58:52,972 [INFO] src.scraper:   ZIP 95129 -> region_id=39434 (type=2)
2026-04-21 18:58:54,660 [INFO] src.scraper:   ZIP 95130 -> region_id=39435 (type=2)
2026-04-21 18:58:56,772 [INFO] src.scraper:   ZIP 95131 -> region_id=39436 (type=2)
2026-04-21 18:58:58,731 [INFO] src.scraper:   ZIP 95132 -> region_id=39437 (type=2)
2026-04-21 18:59:00,469 [INFO] src.scraper:   ZIP 95134 -> region_id=39439 (type=2)
2026-04-21 18:59:03,052 [INFO] src.scraper:   ZIP 95050 -> region_id=39390 (type=2)
2026-04-21 18:59:04,932 [INFO] src.scraper:   ZIP 95051 -> region_id=39391 (type=2)
2026-04-21 18:59:06,879 [INFO] src.scraper:   ZIP 95054 -> region_id=39394 (type=2)
2026-04-21 18:59:09,245 [INFO] src.scraper:   ZIP 95070 -> region_id=39405 (type=2)
2026-04-21 18:59:10,738 [INFO] src.scraper:   ZIP 94022 -> region_id=38973 (type=2)
2026-04-21 18:59:12,639 [INFO] src.scraper:   ZIP 94024 -> region_id=38975 (type=2)
2026-04-21 18:59:14,985 [INFO] src.scraper:   ZIP 95008 -> region_id=39359 (type=2)
2026-04-21 18:59:17,030 [INFO] src.scraper:   ZIP 95030 -> region_id=39375 (type=2)
2026-04-21 18:59:18,618 [INFO] src.scraper:   ZIP 95032 -> region_id=39377 (type=2)
2026-04-21 18:59:20,939 [INFO] src.scraper:   ZIP 95035 -> region_id=39379 (type=2)
2026-04-21 18:59:22,543 [INFO] src.scraper:   ZIP 94061 -> region_id=38991 (type=2)
2026-04-21 18:59:24,307 [INFO] src.scraper:   ZIP 94062 -> region_id=38992 (type=2)
2026-04-21 18:59:26,164 [INFO] src.scraper:   ZIP 94063 -> region_id=38993 (type=2)
2026-04-21 18:59:28,017 [INFO] src.scraper:   ZIP 94025 -> region_id=38976 (type=2)
2026-04-21 18:59:29,474 [INFO] src.scraper: Region resolution complete: 40/40 ZIPs resolved
2026-04-21 18:59:29,474 [INFO] open-houses: Searching Cupertino (95014)...
2026-04-21 18:59:29,693 [INFO] src.scraper: Cupertino (95014) (region 39365): 69 homes returned
2026-04-21 18:59:32,913 [INFO] open-houses: Searching Cupertino (95015)...
2026-04-21 18:59:33,045 [INFO] src.scraper: Cupertino (95015) (region 39366): 0 homes returned
2026-04-21 18:59:37,700 [INFO] open-houses: Searching Sunnyvale (94085)...
2026-04-21 18:59:37,907 [INFO] src.scraper: Sunnyvale (94085) (region 39001): 30 homes returned
2026-04-21 18:59:42,448 [INFO] open-houses: Searching Sunnyvale (94086)...
2026-04-21 18:59:42,733 [INFO] src.scraper: Sunnyvale (94086) (region 39002): 79 homes returned
2026-04-21 18:59:46,886 [INFO] open-houses: Searching Sunnyvale (94087)...
2026-04-21 18:59:47,123 [INFO] src.scraper: Sunnyvale (94087) (region 39003): 31 homes returned
2026-04-21 18:59:49,876 [INFO] open-houses: Searching Sunnyvale (94089)...
2026-04-21 18:59:50,100 [INFO] src.scraper: Sunnyvale (94089) (region 39005): 60 homes returned
2026-04-21 18:59:53,248 [INFO] open-houses: Searching Mountain View (94040)...
2026-04-21 18:59:53,450 [INFO] src.scraper: Mountain View (94040) (region 38985): 42 homes returned
2026-04-21 18:59:56,628 [INFO] open-houses: Searching Mountain View (94041)...
2026-04-21 18:59:56,810 [INFO] src.scraper: Mountain View (94041) (region 38986): 19 homes returned
2026-04-21 19:00:00,270 [INFO] open-houses: Searching Mountain View (94043)...
2026-04-21 19:00:00,519 [INFO] src.scraper: Mountain View (94043) (region 38988): 52 homes returned
2026-04-21 19:00:04,561 [INFO] open-houses: Searching Palo Alto (94301)...
2026-04-21 19:00:04,765 [INFO] src.scraper: Palo Alto (94301) (region 39141): 31 homes returned
2026-04-21 19:00:07,651 [INFO] open-houses: Searching Palo Alto (94303)...
2026-04-21 19:00:07,974 [INFO] src.scraper: Palo Alto (94303) (region 39143): 52 homes returned
2026-04-21 19:00:10,320 [INFO] open-houses: Searching Palo Alto (94304)...
2026-04-21 19:00:10,504 [INFO] src.scraper: Palo Alto (94304) (region 39144): 0 homes returned
2026-04-21 19:00:15,505 [INFO] open-houses: Searching Palo Alto (94306)...
2026-04-21 19:00:15,768 [INFO] src.scraper: Palo Alto (94306) (region 39146): 34 homes returned
2026-04-21 19:00:18,486 [INFO] open-houses: Searching San Jose (95110)...
2026-04-21 19:00:18,733 [INFO] src.scraper: San Jose (95110) (region 39416): 44 homes returned
2026-04-21 19:00:23,599 [INFO] open-houses: Searching San Jose (95112)...
2026-04-21 19:00:23,848 [INFO] src.scraper: San Jose (95112) (region 39418): 74 homes returned
2026-04-21 19:00:27,972 [INFO] open-houses: Searching San Jose (95113)...
2026-04-21 19:00:28,151 [INFO] src.scraper: San Jose (95113) (region 39419): 9 homes returned
2026-04-21 19:00:32,206 [INFO] open-houses: Searching San Jose (95120)...
2026-04-21 19:00:32,434 [INFO] src.scraper: San Jose (95120) (region 39425): 59 homes returned
2026-04-21 19:00:36,253 [INFO] open-houses: Searching San Jose (95124)...
2026-04-21 19:00:36,501 [INFO] src.scraper: San Jose (95124) (region 39429): 83 homes returned
2026-04-21 19:00:38,812 [INFO] open-houses: Searching San Jose (95125)...
2026-04-21 19:00:39,062 [INFO] src.scraper: San Jose (95125) (region 39430): 94 homes returned
2026-04-21 19:00:41,495 [INFO] open-houses: Searching San Jose (95126)...
2026-04-21 19:00:41,724 [INFO] src.scraper: San Jose (95126) (region 39431): 57 homes returned
2026-04-21 19:00:44,072 [INFO] open-houses: Searching San Jose (95128)...
2026-04-21 19:00:44,309 [INFO] src.scraper: San Jose (95128) (region 39433): 49 homes returned
2026-04-21 19:00:47,038 [INFO] open-houses: Searching San Jose (95129)...
2026-04-21 19:00:47,251 [INFO] src.scraper: San Jose (95129) (region 39434): 26 homes returned
2026-04-21 19:00:49,489 [INFO] open-houses: Searching San Jose (95130)...
2026-04-21 19:00:49,674 [INFO] src.scraper: San Jose (95130) (region 39435): 10 homes returned
2026-04-21 19:00:53,360 [INFO] open-houses: Searching San Jose (95131)...
2026-04-21 19:00:53,576 [INFO] src.scraper: San Jose (95131) (region 39436): 35 homes returned
2026-04-21 19:00:58,463 [INFO] open-houses: Searching San Jose (95132)...
2026-04-21 19:00:58,649 [INFO] src.scraper: San Jose (95132) (region 39437): 26 homes returned
2026-04-21 19:01:03,571 [INFO] open-houses: Searching San Jose (95134)...
2026-04-21 19:01:03,782 [INFO] src.scraper: San Jose (95134) (region 39439): 11 homes returned
2026-04-21 19:01:07,471 [INFO] open-houses: Searching Santa Clara (95050)...
2026-04-21 19:01:07,736 [INFO] src.scraper: Santa Clara (95050) (region 39390): 25 homes returned
2026-04-21 19:01:12,304 [INFO] open-houses: Searching Santa Clara (95051)...
2026-04-21 19:01:12,591 [INFO] src.scraper: Santa Clara (95051) (region 39391): 90 homes returned
2026-04-21 19:01:14,880 [INFO] open-houses: Searching Santa Clara (95054)...
2026-04-21 19:01:15,057 [INFO] src.scraper: Santa Clara (95054) (region 39394): 21 homes returned
2026-04-21 19:01:17,670 [INFO] open-houses: Searching Saratoga (95070)...
2026-04-21 19:01:17,915 [INFO] src.scraper: Saratoga (95070) (region 39405): 61 homes returned
2026-04-21 19:01:22,771 [INFO] open-houses: Searching Los Altos (94022)...
2026-04-21 19:01:23,001 [INFO] src.scraper: Los Altos (94022) (region 38973): 42 homes returned
2026-04-21 19:01:27,036 [INFO] open-houses: Searching Los Altos (94024)...
2026-04-21 19:01:27,233 [INFO] src.scraper: Los Altos (94024) (region 38975): 27 homes returned
2026-04-21 19:01:31,286 [INFO] open-houses: Searching Campbell (95008)...
2026-04-21 19:01:31,586 [INFO] src.scraper: Campbell (95008) (region 39359): 74 homes returned
2026-04-21 19:01:34,062 [INFO] open-houses: Searching Los Gatos (95030)...
2026-04-21 19:01:34,299 [INFO] src.scraper: Los Gatos (95030) (region 39375): 41 homes returned
2026-04-21 19:01:36,554 [INFO] open-houses: Searching Los Gatos (95032)...
2026-04-21 19:01:36,789 [INFO] src.scraper: Los Gatos (95032) (region 39377): 62 homes returned
2026-04-21 19:01:40,786 [INFO] open-houses: Searching Milpitas (95035)...
2026-04-21 19:01:41,022 [INFO] src.scraper: Milpitas (95035) (region 39379): 95 homes returned
2026-04-21 19:01:44,476 [INFO] open-houses: Searching Redwood City (94061)...
2026-04-21 19:01:44,749 [INFO] src.scraper: Redwood City (94061) (region 38991): 31 homes returned
2026-04-21 19:01:48,894 [INFO] open-houses: Searching Redwood City (94062)...
2026-04-21 19:01:49,161 [INFO] src.scraper: Redwood City (94062) (region 38992): 68 homes returned
2026-04-21 19:01:53,465 [INFO] open-houses: Searching Redwood City (94063)...
2026-04-21 19:01:53,662 [INFO] src.scraper: Redwood City (94063) (region 38993): 20 homes returned
2026-04-21 19:01:58,080 [INFO] open-houses: Searching Menlo Park (94025)...
2026-04-21 19:01:58,305 [INFO] src.scraper: Menlo Park (94025) (region 38976): 58 homes returned
2026-04-21 19:02:01,230 [INFO] open-houses: Found 173 listings with open houses in window
2026-04-21 19:02:01,452 [INFO] open-houses: Workbook saved: C:\Users\Zara\Documents\GitHub\Personal-Projects\home-finder\data\open_houses_20260421_185810.xlsx
2026-04-21 19:02:01,452 [INFO] open-houses: Updated main workbook: C:\Users\Zara\Documents\GitHub\Personal-Projects\home-finder\data\open_houses.xlsx
2026-04-21 19:04:19,211 [INFO] open-houses: ============================================================
2026-04-21 19:04:19,212 [INFO] open-houses: Open House Finder — window: next 4 weeks (until 2026-05-19)
2026-04-21 19:04:19,213 [INFO] open-houses: ============================================================
2026-04-21 19:04:19,214 [INFO] src.scraper: All 40 ZIP region IDs loaded from cache
2026-04-21 19:04:19,214 [INFO] open-houses: Searching Cupertino (95014)...
2026-04-21 19:04:19,510 [INFO] src.scraper: Cupertino (95014) (region 39365): 69 homes returned
2026-04-21 19:04:23,632 [INFO] open-houses: Searching Cupertino (95015)...
2026-04-21 19:04:23,771 [INFO] src.scraper: Cupertino (95015) (region 39366): 0 homes returned
2026-04-21 19:04:28,734 [INFO] open-houses: Searching Sunnyvale (94085)...
2026-04-21 19:04:28,937 [INFO] src.scraper: Sunnyvale (94085) (region 39001): 30 homes returned
2026-04-21 19:04:33,174 [INFO] open-houses: Searching Sunnyvale (94086)...
2026-04-21 19:04:33,485 [INFO] src.scraper: Sunnyvale (94086) (region 39002): 79 homes returned
2026-04-21 19:04:35,705 [INFO] open-houses: Searching Sunnyvale (94087)...
2026-04-21 19:04:35,925 [INFO] src.scraper: Sunnyvale (94087) (region 39003): 31 homes returned
2026-04-21 19:04:39,653 [INFO] open-houses: Searching Sunnyvale (94089)...
2026-04-21 19:04:39,887 [INFO] src.scraper: Sunnyvale (94089) (region 39005): 60 homes returned
2026-04-21 19:04:43,973 [INFO] open-houses: Searching Mountain View (94040)...
2026-04-21 19:04:44,218 [INFO] src.scraper: Mountain View (94040) (region 38985): 42 homes returned
2026-04-21 19:04:47,135 [INFO] open-houses: Searching Mountain View (94041)...
2026-04-21 19:04:47,344 [INFO] src.scraper: Mountain View (94041) (region 38986): 19 homes returned
2026-04-21 19:04:50,402 [INFO] open-houses: Searching Mountain View (94043)...
2026-04-21 19:04:50,629 [INFO] src.scraper: Mountain View (94043) (region 38988): 52 homes returned
2026-04-21 19:04:55,387 [INFO] open-houses: Searching Palo Alto (94301)...
2026-04-21 19:04:55,651 [INFO] src.scraper: Palo Alto (94301) (region 39141): 31 homes returned
2026-04-21 19:04:59,061 [INFO] open-houses: Searching Palo Alto (94303)...
2026-04-21 19:04:59,309 [INFO] src.scraper: Palo Alto (94303) (region 39143): 52 homes returned
2026-04-21 19:05:03,210 [INFO] open-houses: Searching Palo Alto (94304)...
2026-04-21 19:05:03,535 [INFO] src.scraper: Palo Alto (94304) (region 39144): 0 homes returned
2026-04-21 19:05:07,831 [INFO] open-houses: Searching Palo Alto (94306)...
2026-04-21 19:05:08,026 [INFO] src.scraper: Palo Alto (94306) (region 39146): 34 homes returned
2026-04-21 19:05:10,395 [INFO] open-houses: Searching San Jose (95110)...
2026-04-21 19:05:10,601 [INFO] src.scraper: San Jose (95110) (region 39416): 44 homes returned
2026-04-21 19:05:13,818 [INFO] open-houses: Searching San Jose (95112)...
2026-04-21 19:05:14,109 [INFO] src.scraper: San Jose (95112) (region 39418): 74 homes returned
2026-04-21 19:05:17,625 [INFO] open-houses: Searching San Jose (95113)...
2026-04-21 19:05:17,815 [INFO] src.scraper: San Jose (95113) (region 39419): 9 homes returned
2026-04-21 19:05:21,447 [INFO] open-houses: Searching San Jose (95120)...
2026-04-21 19:05:21,676 [INFO] src.scraper: San Jose (95120) (region 39425): 59 homes returned
2026-04-21 19:05:24,990 [INFO] open-houses: Searching San Jose (95124)...
2026-04-21 19:05:25,319 [INFO] src.scraper: San Jose (95124) (region 39429): 83 homes returned
2026-04-21 19:05:28,992 [INFO] open-houses: Searching San Jose (95125)...
2026-04-21 19:05:29,243 [INFO] src.scraper: San Jose (95125) (region 39430): 94 homes returned
2026-04-21 19:05:31,464 [INFO] open-houses: Searching San Jose (95126)...
2026-04-21 19:05:31,724 [INFO] src.scraper: San Jose (95126) (region 39431): 57 homes returned
2026-04-21 19:05:34,768 [INFO] open-houses: Searching San Jose (95128)...
2026-04-21 19:05:34,984 [INFO] src.scraper: San Jose (95128) (region 39433): 49 homes returned
2026-04-21 19:05:39,298 [INFO] open-houses: Searching San Jose (95129)...
2026-04-21 19:05:39,489 [INFO] src.scraper: San Jose (95129) (region 39434): 26 homes returned
2026-04-21 19:05:44,230 [INFO] open-houses: Searching San Jose (95130)...
2026-04-21 19:05:44,485 [INFO] src.scraper: San Jose (95130) (region 39435): 10 homes returned
2026-04-21 19:05:47,620 [INFO] open-houses: Searching San Jose (95131)...
2026-04-21 19:05:47,823 [INFO] src.scraper: San Jose (95131) (region 39436): 35 homes returned
2026-04-21 19:05:50,436 [INFO] open-houses: Searching San Jose (95132)...
2026-04-21 19:05:50,668 [INFO] src.scraper: San Jose (95132) (region 39437): 26 homes returned
2026-04-21 19:05:54,119 [INFO] open-houses: Searching San Jose (95134)...
2026-04-21 19:05:54,444 [INFO] src.scraper: San Jose (95134) (region 39439): 11 homes returned
2026-04-21 19:05:57,936 [INFO] open-houses: Searching Santa Clara (95050)...
2026-04-21 19:05:58,128 [INFO] src.scraper: Santa Clara (95050) (region 39390): 25 homes returned
2026-04-21 19:06:00,744 [INFO] open-houses: Searching Santa Clara (95051)...
2026-04-21 19:06:01,036 [INFO] src.scraper: Santa Clara (95051) (region 39391): 90 homes returned
2026-04-21 19:06:04,231 [INFO] open-houses: Searching Santa Clara (95054)...
2026-04-21 19:06:04,428 [INFO] src.scraper: Santa Clara (95054) (region 39394): 21 homes returned
2026-04-21 19:06:08,392 [INFO] open-houses: Searching Saratoga (95070)...
2026-04-21 19:06:08,647 [INFO] src.scraper: Saratoga (95070) (region 39405): 61 homes returned
2026-04-21 19:06:12,568 [INFO] open-houses: Searching Los Altos (94022)...
2026-04-21 19:06:12,786 [INFO] src.scraper: Los Altos (94022) (region 38973): 42 homes returned
2026-04-21 19:06:15,229 [INFO] open-houses: Searching Los Altos (94024)...
2026-04-21 19:06:15,482 [INFO] src.scraper: Los Altos (94024) (region 38975): 27 homes returned
2026-04-21 19:06:17,653 [INFO] open-houses: Searching Campbell (95008)...
2026-04-21 19:06:17,906 [INFO] src.scraper: Campbell (95008) (region 39359): 74 homes returned
2026-04-21 19:06:22,313 [INFO] open-houses: Searching Los Gatos (95030)...
2026-04-21 19:06:22,523 [INFO] src.scraper: Los Gatos (95030) (region 39375): 41 homes returned
2026-04-21 19:06:25,050 [INFO] open-houses: Searching Los Gatos (95032)...
2026-04-21 19:06:25,300 [INFO] src.scraper: Los Gatos (95032) (region 39377): 62 homes returned
2026-04-21 19:06:27,363 [INFO] open-houses: Searching Milpitas (95035)...
2026-04-21 19:06:27,634 [INFO] src.scraper: Milpitas (95035) (region 39379): 95 homes returned
2026-04-21 19:06:30,800 [INFO] open-houses: Searching Redwood City (94061)...
2026-04-21 19:06:31,155 [INFO] src.scraper: Redwood City (94061) (region 38991): 31 homes returned
2026-04-21 19:06:35,691 [INFO] open-houses: Searching Redwood City (94062)...
2026-04-21 19:06:35,966 [INFO] src.scraper: Redwood City (94062) (region 38992): 68 homes returned
2026-04-21 19:06:38,004 [INFO] open-houses: Searching Redwood City (94063)...
2026-04-21 19:06:38,280 [INFO] src.scraper: Redwood City (94063) (region 38993): 20 homes returned
2026-04-21 19:06:42,197 [INFO] open-houses: Searching Menlo Park (94025)...
2026-04-21 19:06:42,449 [INFO] src.scraper: Menlo Park (94025) (region 38976): 58 homes returned
2026-04-21 19:06:46,503 [INFO] open-houses: Found 173 listings with open houses in window
2026-04-21 19:06:46,691 [INFO] open-houses: Workbook saved: C:\Users\Zara\Documents\GitHub\Personal-Projects\home-finder\data\open_houses_20260421_190419.xlsx
2026-04-21 19:06:46,691 [INFO] open-houses: Updated main workbook: C:\Users\Zara\Documents\GitHub\Personal-Projects\home-finder\data\open_houses.xlsx
2026-04-28 18:32:24,946 [INFO] open-houses: ============================================================
2026-04-28 18:32:24,947 [INFO] open-houses: Open House Finder — window: next 2 weeks (until 2026-05-12)
2026-04-28 18:32:24,949 [INFO] open-houses: ============================================================
2026-04-28 18:32:24,980 [INFO] src.scraper: All 40 ZIP region IDs loaded from cache
2026-04-28 18:32:24,981 [INFO] open-houses: Searching Cupertino (95014)...
2026-04-28 18:32:25,340 [INFO] src.scraper: Cupertino (95014) (region 39365): 71 homes returned
2026-04-28 18:32:27,495 [INFO] open-houses: Searching Cupertino (95015)...
2026-04-28 18:32:27,626 [INFO] src.scraper: Cupertino (95015) (region 39366): 0 homes returned
2026-04-28 18:32:32,169 [INFO] open-houses: Searching Sunnyvale (94085)...
2026-04-28 18:32:32,361 [INFO] src.scraper: Sunnyvale (94085) (region 39001): 35 homes returned
2026-04-28 18:32:34,535 [INFO] open-houses: Searching Sunnyvale (94086)...
2026-04-28 18:32:34,821 [INFO] src.scraper: Sunnyvale (94086) (region 39002): 84 homes returned
2026-04-28 18:32:37,562 [INFO] open-houses: Searching Sunnyvale (94087)...
2026-04-28 18:32:37,775 [INFO] src.scraper: Sunnyvale (94087) (region 39003): 35 homes returned
2026-04-28 18:32:41,640 [INFO] open-houses: Searching Sunnyvale (94089)...
2026-04-28 18:32:41,893 [INFO] src.scraper: Sunnyvale (94089) (region 39005): 60 homes returned
2026-04-28 18:32:44,588 [INFO] open-houses: Searching Mountain View (94040)...
2026-04-28 18:32:44,823 [INFO] src.scraper: Mountain View (94040) (region 38985): 45 homes returned
2026-04-28 18:32:49,548 [INFO] open-houses: Searching Mountain View (94041)...
2026-04-28 18:32:49,744 [INFO] src.scraper: Mountain View (94041) (region 38986): 19 homes returned
2026-04-28 18:32:51,930 [INFO] open-houses: Searching Mountain View (94043)...
2026-04-28 18:32:52,180 [INFO] src.scraper: Mountain View (94043) (region 38988): 54 homes returned
2026-04-28 18:32:56,306 [INFO] open-houses: Searching Palo Alto (94301)...
2026-04-28 18:32:56,566 [INFO] src.scraper: Palo Alto (94301) (region 39141): 31 homes returned
2026-04-28 18:32:59,836 [INFO] open-houses: Searching Palo Alto (94303)...
2026-04-28 18:33:00,103 [INFO] src.scraper: Palo Alto (94303) (region 39143): 56 homes returned
2026-04-28 18:33:05,110 [INFO] open-houses: Searching Palo Alto (94304)...
2026-04-28 18:33:05,265 [INFO] src.scraper: Palo Alto (94304) (region 39144): 0 homes returned
2026-04-28 18:33:08,894 [INFO] open-houses: Searching Palo Alto (94306)...
2026-04-28 18:33:09,121 [INFO] src.scraper: Palo Alto (94306) (region 39146): 32 homes returned
2026-04-28 18:33:12,955 [INFO] open-houses: Searching San Jose (95110)...
2026-04-28 18:33:13,245 [INFO] src.scraper: San Jose (95110) (region 39416): 49 homes returned
2026-04-28 18:33:17,960 [INFO] open-houses: Searching San Jose (95112)...
2026-04-28 18:33:18,251 [INFO] src.scraper: San Jose (95112) (region 39418): 79 homes returned
2026-04-28 18:33:22,422 [INFO] open-houses: Searching San Jose (95113)...
2026-04-28 18:33:22,613 [INFO] src.scraper: San Jose (95113) (region 39419): 11 homes returned
2026-04-28 18:33:26,615 [INFO] open-houses: Searching San Jose (95120)...
2026-04-28 18:33:26,896 [INFO] src.scraper: San Jose (95120) (region 39425): 63 homes returned
2026-04-28 18:33:31,097 [INFO] open-houses: Searching San Jose (95124)...
2026-04-28 18:33:31,426 [INFO] src.scraper: San Jose (95124) (region 39429): 93 homes returned
2026-04-28 18:33:35,211 [INFO] open-houses: Searching San Jose (95125)...
2026-04-28 18:33:35,526 [INFO] src.scraper: San Jose (95125) (region 39430): 99 homes returned
2026-04-28 18:33:39,678 [INFO] open-houses: Searching San Jose (95126)...
2026-04-28 18:33:39,945 [INFO] src.scraper: San Jose (95126) (region 39431): 59 homes returned
2026-04-28 18:33:42,733 [INFO] open-houses: Searching San Jose (95128)...
2026-04-28 18:33:42,970 [INFO] src.scraper: San Jose (95128) (region 39433): 53 homes returned
2026-04-28 18:33:47,969 [INFO] open-houses: Searching San Jose (95129)...
2026-04-28 18:33:48,161 [INFO] src.scraper: San Jose (95129) (region 39434): 28 homes returned
2026-04-28 18:33:51,680 [INFO] open-houses: Searching San Jose (95130)...
2026-04-28 18:33:51,891 [INFO] src.scraper: San Jose (95130) (region 39435): 12 homes returned
2026-04-28 18:33:54,263 [INFO] open-houses: Searching San Jose (95131)...
2026-04-28 18:33:54,508 [INFO] src.scraper: San Jose (95131) (region 39436): 41 homes returned
2026-04-28 18:33:58,021 [INFO] open-houses: Searching San Jose (95132)...
2026-04-28 18:33:58,223 [INFO] src.scraper: San Jose (95132) (region 39437): 33 homes returned
2026-04-28 18:34:01,712 [INFO] open-houses: Searching San Jose (95134)...
2026-04-28 18:34:01,910 [INFO] src.scraper: San Jose (95134) (region 39439): 11 homes returned
2026-04-28 18:34:05,771 [INFO] open-houses: Searching Santa Clara (95050)...
2026-04-28 18:34:05,964 [INFO] src.scraper: Santa Clara (95050) (region 39390): 38 homes returned
2026-04-28 18:34:10,157 [INFO] open-houses: Searching Santa Clara (95051)...
2026-04-28 18:34:10,411 [INFO] src.scraper: Santa Clara (95051) (region 39391): 88 homes returned
2026-04-28 18:34:14,716 [INFO] open-houses: Searching Santa Clara (95054)...
2026-04-28 18:34:14,901 [INFO] src.scraper: Santa Clara (95054) (region 39394): 17 homes returned
2026-04-28 18:34:18,493 [INFO] open-houses: Searching Saratoga (95070)...
2026-04-28 18:34:18,766 [INFO] src.scraper: Saratoga (95070) (region 39405): 74 homes returned
2026-04-28 18:34:23,331 [INFO] open-houses: Searching Los Altos (94022)...
2026-04-28 18:34:23,577 [INFO] src.scraper: Los Altos (94022) (region 38973): 46 homes returned
2026-04-28 18:34:25,871 [INFO] open-houses: Searching Los Altos (94024)...
2026-04-28 18:34:26,082 [INFO] src.scraper: Los Altos (94024) (region 38975): 26 homes returned
2026-04-28 18:34:31,053 [INFO] open-houses: Searching Campbell (95008)...
2026-04-28 18:34:31,312 [INFO] src.scraper: Campbell (95008) (region 39359): 79 homes returned
2026-04-28 18:34:35,482 [INFO] open-houses: Searching Los Gatos (95030)...
2026-04-28 18:34:35,675 [INFO] src.scraper: Los Gatos (95030) (region 39375): 37 homes returned
2026-04-28 18:34:38,913 [INFO] open-houses: Searching Los Gatos (95032)...
2026-04-28 18:34:39,156 [INFO] src.scraper: Los Gatos (95032) (region 39377): 60 homes returned
2026-04-28 18:34:42,737 [INFO] open-houses: Searching Milpitas (95035)...
2026-04-28 18:34:43,007 [INFO] src.scraper: Milpitas (95035) (region 39379): 110 homes returned
2026-04-28 18:34:46,074 [INFO] open-houses: Searching Redwood City (94061)...
2026-04-28 18:34:46,315 [INFO] src.scraper: Redwood City (94061) (region 38991): 35 homes returned
2026-04-28 18:34:49,148 [INFO] open-houses: Searching Redwood City (94062)...
2026-04-28 18:34:49,457 [INFO] src.scraper: Redwood City (94062) (region 38992): 70 homes returned
2026-04-28 18:34:51,813 [INFO] open-houses: Searching Redwood City (94063)...
2026-04-28 18:34:52,021 [INFO] src.scraper: Redwood City (94063) (region 38993): 17 homes returned
2026-04-28 18:34:55,024 [INFO] open-houses: Searching Menlo Park (94025)...
2026-04-28 18:34:55,287 [INFO] src.scraper: Menlo Park (94025) (region 38976): 63 homes returned
2026-04-28 18:35:00,174 [INFO] open-houses: Found 185 listings with open houses in window
2026-04-28 18:35:00,839 [INFO] open-houses: Workbook saved: C:\Users\Zara\Documents\GitHub\Personal-Projects\home-finder\data\open_houses_20260428_183224.xlsx
2026-04-28 18:35:00,853 [INFO] open-houses: Updated main workbook: C:\Users\Zara\Documents\GitHub\Personal-Projects\home-finder\data\open_houses.xlsx
2026-05-08 13:10:00,724 [INFO] open-houses: ============================================================
2026-05-08 13:10:00,724 [INFO] open-houses: Open House Finder — window: next 1 week (until 2026-05-15)
2026-05-08 13:10:00,726 [INFO] open-houses: ============================================================
2026-05-08 13:10:00,737 [INFO] src.scraper: All 40 ZIP region IDs loaded from cache
2026-05-08 13:10:00,737 [INFO] open-houses: Searching Cupertino (95014)...
2026-05-08 13:10:01,062 [INFO] src.scraper: Cupertino (95014) (region 39365): 75 homes returned
2026-05-08 13:10:04,685 [INFO] open-houses: Searching Cupertino (95015)...
2026-05-08 13:10:04,848 [INFO] src.scraper: Cupertino (95015) (region 39366): 0 homes returned
2026-05-08 13:10:09,359 [INFO] open-houses: Searching Sunnyvale (94085)...
2026-05-08 13:10:09,541 [INFO] src.scraper: Sunnyvale (94085) (region 39001): 36 homes returned
2026-05-08 13:10:11,861 [INFO] open-houses: Searching Sunnyvale (94086)...
2026-05-08 13:10:12,124 [INFO] src.scraper: Sunnyvale (94086) (region 39002): 79 homes returned
2026-05-08 13:10:16,986 [INFO] open-houses: Searching Sunnyvale (94087)...
2026-05-08 13:10:17,188 [INFO] src.scraper: Sunnyvale (94087) (region 39003): 40 homes returned
2026-05-08 13:10:19,625 [INFO] open-houses: Searching Sunnyvale (94089)...
2026-05-08 13:10:19,837 [INFO] src.scraper: Sunnyvale (94089) (region 39005): 61 homes returned
2026-05-08 13:10:24,477 [INFO] open-houses: Searching Mountain View (94040)...
2026-05-08 13:10:24,712 [INFO] src.scraper: Mountain View (94040) (region 38985): 43 homes returned
2026-05-08 13:10:29,534 [INFO] open-houses: Searching Mountain View (94041)...
2026-05-08 13:10:29,713 [INFO] src.scraper: Mountain View (94041) (region 38986): 20 homes returned
2026-05-08 13:10:32,358 [INFO] open-houses: Searching Mountain View (94043)...
2026-05-08 13:10:32,567 [INFO] src.scraper: Mountain View (94043) (region 38988): 45 homes returned
2026-05-08 13:10:36,775 [INFO] open-houses: Searching Palo Alto (94301)...
2026-05-08 13:10:36,974 [INFO] src.scraper: Palo Alto (94301) (region 39141): 38 homes returned
2026-05-08 13:10:40,560 [INFO] open-houses: Searching Palo Alto (94303)...
2026-05-08 13:10:41,012 [INFO] src.scraper: Palo Alto (94303) (region 39143): 51 homes returned
2026-05-08 13:10:43,412 [INFO] open-houses: Searching Palo Alto (94304)...
2026-05-08 13:10:43,515 [INFO] src.scraper: Palo Alto (94304) (region 39144): 0 homes returned
2026-05-08 13:10:47,580 [INFO] open-houses: Searching Palo Alto (94306)...
2026-05-08 13:10:47,770 [INFO] src.scraper: Palo Alto (94306) (region 39146): 31 homes returned
2026-05-08 13:10:50,181 [INFO] open-houses: Searching San Jose (95110)...
2026-05-08 13:10:50,388 [INFO] src.scraper: San Jose (95110) (region 39416): 54 homes returned
2026-05-08 13:10:55,032 [INFO] open-houses: Searching San Jose (95112)...
2026-05-08 13:10:55,274 [INFO] src.scraper: San Jose (95112) (region 39418): 87 homes returned
2026-05-08 13:10:58,682 [INFO] open-houses: Searching San Jose (95113)...
2026-05-08 13:10:58,836 [INFO] src.scraper: San Jose (95113) (region 39419): 11 homes returned
2026-05-08 13:11:03,569 [INFO] open-houses: Searching San Jose (95120)...
2026-05-08 13:11:03,772 [INFO] src.scraper: San Jose (95120) (region 39425): 55 homes returned
2026-05-08 13:11:07,136 [INFO] open-houses: Searching San Jose (95124)...
2026-05-08 13:11:07,380 [INFO] src.scraper: San Jose (95124) (region 39429): 85 homes returned
2026-05-08 13:11:11,311 [INFO] open-houses: Searching San Jose (95125)...
2026-05-08 13:11:11,585 [INFO] src.scraper: San Jose (95125) (region 39430): 90 homes returned
2026-05-08 13:11:14,943 [INFO] open-houses: Searching San Jose (95126)...
2026-05-08 13:11:15,176 [INFO] src.scraper: San Jose (95126) (region 39431): 66 homes returned
2026-05-08 13:11:17,834 [INFO] open-houses: Searching San Jose (95128)...
2026-05-08 13:11:18,068 [INFO] src.scraper: San Jose (95128) (region 39433): 51 homes returned
2026-05-08 13:11:22,315 [INFO] open-houses: Searching San Jose (95129)...
2026-05-08 13:11:22,499 [INFO] src.scraper: San Jose (95129) (region 39434): 32 homes returned
2026-05-08 13:11:27,330 [INFO] open-houses: Searching San Jose (95130)...
2026-05-08 13:11:27,508 [INFO] src.scraper: San Jose (95130) (region 39435): 14 homes returned
2026-05-08 13:11:31,175 [INFO] open-houses: Searching San Jose (95131)...
2026-05-08 13:11:31,383 [INFO] src.scraper: San Jose (95131) (region 39436): 42 homes returned
2026-05-08 13:11:35,937 [INFO] open-houses: Searching San Jose (95132)...
2026-05-08 13:11:36,103 [INFO] src.scraper: San Jose (95132) (region 39437): 34 homes returned
2026-05-08 13:11:40,120 [INFO] open-houses: Searching San Jose (95134)...
2026-05-08 13:11:40,321 [INFO] src.scraper: San Jose (95134) (region 39439): 12 homes returned
2026-05-08 13:11:44,335 [INFO] open-houses: Searching Santa Clara (95050)...
2026-05-08 13:11:44,533 [INFO] src.scraper: Santa Clara (95050) (region 39390): 45 homes returned
2026-05-08 13:11:47,734 [INFO] open-houses: Searching Santa Clara (95051)...
2026-05-08 13:11:47,950 [INFO] src.scraper: Santa Clara (95051) (region 39391): 81 homes returned
2026-05-08 13:11:52,304 [INFO] open-houses: Searching Santa Clara (95054)...
2026-05-08 13:11:52,455 [INFO] src.scraper: Santa Clara (95054) (region 39394): 14 homes returned
2026-05-08 13:11:56,152 [INFO] open-houses: Searching Saratoga (95070)...
2026-05-08 13:11:56,363 [INFO] src.scraper: Saratoga (95070) (region 39405): 69 homes returned
2026-05-08 13:11:59,050 [INFO] open-houses: Searching Los Altos (94022)...
2026-05-08 13:11:59,256 [INFO] src.scraper: Los Altos (94022) (region 38973): 49 homes returned
2026-05-08 13:12:01,563 [INFO] open-houses: Searching Los Altos (94024)...
2026-05-08 13:12:01,740 [INFO] src.scraper: Los Altos (94024) (region 38975): 24 homes returned
2026-05-08 13:12:03,917 [INFO] open-houses: Searching Campbell (95008)...
2026-05-08 13:12:04,153 [INFO] src.scraper: Campbell (95008) (region 39359): 89 homes returned
2026-05-08 13:12:08,539 [INFO] open-houses: Searching Los Gatos (95030)...
2026-05-08 13:12:08,730 [INFO] src.scraper: Los Gatos (95030) (region 39375): 41 homes returned
2026-05-08 13:12:11,181 [INFO] open-houses: Searching Los Gatos (95032)...
2026-05-08 13:12:11,451 [INFO] src.scraper: Los Gatos (95032) (region 39377): 51 homes returned
2026-05-08 13:12:13,772 [INFO] open-houses: Searching Milpitas (95035)...
2026-05-08 13:12:14,033 [INFO] src.scraper: Milpitas (95035) (region 39379): 106 homes returned
2026-05-08 13:12:17,749 [INFO] open-houses: Searching Redwood City (94061)...
2026-05-08 13:12:17,958 [INFO] src.scraper: Redwood City (94061) (region 38991): 47 homes returned
2026-05-08 13:12:22,532 [INFO] open-houses: Searching Redwood City (94062)...
2026-05-08 13:12:22,816 [INFO] src.scraper: Redwood City (94062) (region 38992): 83 homes returned
2026-05-08 13:12:27,077 [INFO] open-houses: Searching Redwood City (94063)...
2026-05-08 13:12:27,239 [INFO] src.scraper: Redwood City (94063) (region 38993): 21 homes returned
2026-05-08 13:12:29,511 [INFO] open-houses: Searching Menlo Park (94025)...
2026-05-08 13:12:29,750 [INFO] src.scraper: Menlo Park (94025) (region 38976): 61 homes returned
2026-05-08 13:12:34,721 [INFO] open-houses: Found 681 listings with open houses in window
2026-05-08 13:12:36,009 [INFO] open-houses: Workbook saved: C:\Users\Zara\Documents\GitHub\Personal-Projects\home-finder\data\open_houses_20260508_131000.xlsx
2026-05-08 13:12:36,009 [INFO] open-houses: Updated main workbook: C:\Users\Zara\Documents\GitHub\Personal-Projects\home-finder\data\open_houses.xlsx
